*** Error: Someone already listens on the configured port 80.
*** Error: Someone already listens on the configured port 80.
*** Error: Oops.  Unhandled exception IOError.

Exception payload: [Errno 13] Permission denied: u'/home/gavo/LIRAE
/LIRAE-DaCHS/logs/web.log'
*** Error: Oops.  Unhandled exception IOError.

Exception payload: [Errno 13] Permission denied: u'/home/gavo/LIRAE
/LIRAE-DaCHS/logs/web.log'
*** Error: Oops.  Unhandled exception IOError.

Exception payload: [Errno 13] Permission denied: u'/home/gavo/LIRAE
/LIRAE-DaCHS/logs/web.log'
*** Error: Oops.  Unhandled exception IOError.

Exception payload: [Errno 13] Permission denied: u'/home/gavo/LIRAE
/LIRAE-DaCHS/logs/web.log'
*** Error: Oops.  Unhandled exception IOError.

Exception payload: [Errno 13] Permission denied: u'/home/gavo/LIRAE
/LIRAE-DaCHS/logs/web.log'
*** Error: Oops.  Unhandled exception IOError.

Exception payload: [Errno 13] Permission denied: u'/home/gavo/LIRAE
/LIRAE-DaCHS/logs/web.log'
*** Error: Oops.  Unhandled exception IOError.

Exception payload: [Errno 13] Permission denied: u'/home/gavo/LIRAE
/LIRAE-DaCHS/logs/web.log'
*** Error: Oops.  Unhandled exception IOError.

Exception payload: [Errno 13] Permission denied: u'/home/gavo/LIRAE
/LIRAE-DaCHS/logs/web.log'
*** Error: Oops.  Unhandled exception IOError.

Exception payload: [Errno 13] Permission denied: u'/home/gavo/LIRAE
/LIRAE-DaCHS/logs/web.log'
*** Error: Oops.  Unhandled exception IOError.

Exception payload: [Errno 13] Permission denied: u'/home/gavo/LIRAE
/LIRAE-DaCHS/logs/web.log'
*** Error: Oops.  Unhandled exception IOError.

Exception payload: [Errno 13] Permission denied: u'/home/gavo/LIRAE
/LIRAE-DaCHS/logs/web.log'
*** Error: Oops.  Unhandled exception IOError.

Exception payload: [Errno 13] Permission denied: u'/home/gavo/LIRAE
/LIRAE-DaCHS/logs/web.log'
*** Error: Oops.  Unhandled exception IOError.

Exception payload: [Errno 13] Permission denied: u'/home/gavo/LIRAE
/LIRAE-DaCHS/logs/web.log'
*** Error: Oops.  Unhandled exception IOError.

Exception payload: [Errno 13] Permission denied: u'/home/gavo/LIRAE
/LIRAE-DaCHS/logs/web.log'
*** Error: Oops.  Unhandled exception IOError.

Exception payload: [Errno 13] Permission denied: u'/home/gavo/LIRAE
/LIRAE-DaCHS/logs/web.log'
*** Error: Oops.  Unhandled exception IOError.

Exception payload: [Errno 13] Permission denied: u'/home/gavo/LIRAE
/LIRAE-DaCHS/logs/web.log'
*** Error: Oops.  Unhandled exception IOError.

Exception payload: [Errno 13] Permission denied: u'/home/gavo/LIRAE
/LIRAE-DaCHS/logs/web.log'
*** Error: Oops.  Unhandled exception IOError.

Exception payload: [Errno 13] Permission denied: u'/home/gavo/LIRAE
/LIRAE-DaCHS/logs/web.log'
*** Error: Oops.  Unhandled exception IOError.

Exception payload: [Errno 13] Permission denied: u'/home/gavo/LIRAE
/LIRAE-DaCHS/logs/web.log'
*** Error: Oops.  Unhandled exception IOError.

Exception payload: [Errno 13] Permission denied: u'/home/gavo/LIRAE
/LIRAE-DaCHS/logs/web.log'
*** Error: Oops.  Unhandled exception IOError.

Exception payload: [Errno 13] Permission denied: u'/home/gavo/LIRAE
/LIRAE-DaCHS/logs/web.log'
*** Error: Oops.  Unhandled exception IOError.

Exception payload: [Errno 13] Permission denied: u'/home/gavo/LIRAE
/LIRAE-DaCHS/logs/web.log'
*X*X* Uncaught exception at toplevel
*** Error: Oops.  Unhandled exception IOError.

Exception payload: [Errno 13] Permission denied: u'/home/gavo/LIRAE
/LIRAE-DaCHS/logs/web.log'
